<?xml version="1.0" encoding="UTF-8"?>
<testsuite xmlns:xsi="http://www.w3.org/2001/XMLSchema-instance" xsi:noNamespaceSchemaLocation="https://maven.apache.org/surefire/maven-surefire-plugin/xsd/surefire-test-report.xsd" name="arduino.AppTest" time="0.037" tests="1" errors="0" skipped="0" failures="0">
  <properties>
    <property name="sun.desktop" value="windows"/>
    <property name="awt.toolkit" value="sun.awt.windows.WToolkit"/>
    <property name="file.encoding.pkg" value="sun.io"/>
    <property name="java.specification.version" value="1.8"/>
    <property name="sun.cpu.isalist" value="pentium_pro+mmx pentium_pro pentium+mmx pentium i486 i386 i86"/>
    <property name="sun.jnu.encoding" value="Cp1252"/>
    <property name="java.class.path" value="C:\Users\jefersonr\arduinorxtx\target\test-classes;C:\Users\jefersonr\arduinorxtx\target\classes;C:\Users\jefersonr\.m2\repository\junit\junit\4.11\junit-4.11.jar;C:\Users\jefersonr\.m2\repository\org\hamcrest\hamcrest-core\1.3\hamcrest-core-1.3.jar;C:\Users\jefersonr\arduinorxtx\lib\RXTXcomm.jar;"/>
    <property name="java.vm.vendor" value="Oracle Corporation"/>
    <property name="sun.arch.data.model" value="32"/>
    <property name="user.variant" value=""/>
    <property name="java.vendor.url" value="http://java.oracle.com/"/>
    <property name="user.timezone" value=""/>
    <property name="java.vm.specification.version" value="1.8"/>
    <property name="os.name" value="Windows 7"/>
    <property name="user.country" value="BR"/>
    <property name="sun.java.launcher" value="SUN_STANDARD"/>
    <property name="sun.boot.library.path" value="C:\Program Files (x86)\Java\jdk1.8.0_141\jre\bin"/>
    <property name="sun.java.command" value="C:\Users\JEFERS~1\AppData\Local\Temp\surefire6074840872139775263\surefirebooter3080200632376028022.jar C:\Users\jefersonr\AppData\Local\Temp\surefire6074840872139775263 2018-06-29T22-50-20_797-jvmRun1 surefire232445011136338058tmp surefire_07130332449970225340tmp"/>
    <property name="surefire.test.class.path" value="C:\Users\jefersonr\arduinorxtx\target\test-classes;C:\Users\jefersonr\arduinorxtx\target\classes;C:\Users\jefersonr\.m2\repository\junit\junit\4.11\junit-4.11.jar;C:\Users\jefersonr\.m2\repository\org\hamcrest\hamcrest-core\1.3\hamcrest-core-1.3.jar;C:\Users\jefersonr\arduinorxtx\lib\RXTXcomm.jar;"/>
    <property name="sun.cpu.endian" value="little"/>
    <property name="user.home" value="C:\Users\jefersonr"/>
    <property name="user.language" value="pt"/>
    <property name="java.specification.vendor" value="Oracle Corporation"/>
    <property name="java.home" value="C:\Program Files (x86)\Java\jdk1.8.0_141\jre"/>
    <property name="basedir" value="C:\Users\jefersonr\arduinorxtx"/>
    <property name="file.separator" value="\"/>
    <property name="line.separator" value="&#10;"/>
    <property name="java.vm.specification.vendor" value="Oracle Corporation"/>
    <property name="java.specification.name" value="Java Platform API Specification"/>
    <property name="java.awt.graphicsenv" value="sun.awt.Win32GraphicsEnvironment"/>
    <property name="surefire.real.class.path" value="C:\Users\JEFERS~1\AppData\Local\Temp\surefire6074840872139775263\surefirebooter3080200632376028022.jar"/>
    <property name="sun.boot.class.path" value="C:\Program Files (x86)\Java\jdk1.8.0_141\jre\lib\resources.jar;C:\Program Files (x86)\Java\jdk1.8.0_141\jre\lib\rt.jar;C:\Program Files (x86)\Java\jdk1.8.0_141\jre\lib\sunrsasign.jar;C:\Program Files (x86)\Java\jdk1.8.0_141\jre\lib\jsse.jar;C:\Program Files (x86)\Java\jdk1.8.0_141\jre\lib\jce.jar;C:\Program Files (x86)\Java\jdk1.8.0_141\jre\lib\charsets.jar;C:\Program Files (x86)\Java\jdk1.8.0_141\jre\lib\jfr.jar;C:\Program Files (x86)\Java\jdk1.8.0_141\jre\classes"/>
    <property name="user.script" value=""/>
    <property name="sun.management.compiler" value="HotSpot Client Compiler"/>
    <property name="java.runtime.version" value="1.8.0_141-b15"/>
    <property name="user.name" value="jefersonr"/>
    <property name="path.separator" value=";"/>
    <property name="os.version" value="6.1"/>
    <property name="java.endorsed.dirs" value="C:\Program Files (x86)\Java\jdk1.8.0_141\jre\lib\endorsed"/>
    <property name="java.runtime.name" value="Java(TM) SE Runtime Environment"/>
    <property name="file.encoding" value="Cp1252"/>
    <property name="java.vm.name" value="Java HotSpot(TM) Client VM"/>
    <property name="localRepository" value="C:\Users\jefersonr\.m2\repository"/>
    <property name="java.vendor.url.bug" value="http://bugreport.sun.com/bugreport/"/>
    <property name="java.io.tmpdir" value="C:\Users\JEFERS~1\AppData\Local\Temp\"/>
    <property name="java.version" value="1.8.0_141"/>
    <property name="user.dir" value="C:\Users\jefersonr\arduinorxtx"/>
    <property name="os.arch" value="x86"/>
    <property name="java.vm.specification.name" value="Java Virtual Machine Specification"/>
    <property name="java.awt.printerjob" value="sun.awt.windows.WPrinterJob"/>
    <property name="sun.os.patch.level" value="Service Pack 1"/>
    <property name="java.library.path" value="C:\Program Files (x86)\Java\jdk1.8.0_141\jre\bin;C:\Windows\Sun\Java\bin;C:\Windows\system32;C:\Windows;C:\Python27\;C:\Python27\Scripts;C:\ProgramData\Oracle\Java\javapath;C:\Windows\system32;C:\Windows;C:\Windows\System32\Wbem;C:\Windows\System32\WindowsPowerShell\v1.0\;C:\Program Files\Intel\DMIX;C:\Program Files (x86)\Java\jdk1.8.0_141\bin;C:\apache-maven-3.5.2\bin;C:\Users\jefersonr\AppData\Local\Programs\Python\Python36-32;C:\Users\jefersonr\AppData\Local\Programs\Python\Python36-32\Scripts;c:\Program Files (x86)\Microsoft SQL Server\100\Tools\Binn\;c:\Program Files\Microsoft SQL Server\100\Tools\Binn\;c:\Program Files\Microsoft SQL Server\100\DTS\Binn\;C:\Program Files\dotnet\;C:\Program Files\Geth;C:\Program Files\nodejs\;C:\ProgramData\Oracle\Java\javapath;C:\Windows\system32;C:\Windows;C:\Windows\System32\Wbem;C:\Windows\System32\WindowsPowerShell\v1.0\;C:\Program Files\Intel\DMIX;C:\Program Files (x86)\Java\jdk1.8.0_141\bin;C:\Users\jefersonr\AppData\Local\Programs\Git\cmd;C:\Users\jefersonr\AppData\Roaming\npm;."/>
    <property name="java.vm.info" value="mixed mode"/>
    <property name="java.vendor" value="Oracle Corporation"/>
    <property name="java.vm.version" value="25.141-b15"/>
    <property name="java.ext.dirs" value="C:\Program Files (x86)\Java\jdk1.8.0_141\jre\lib\ext;C:\Windows\Sun\Java\lib\ext"/>
    <property name="sun.io.unicode.encoding" value="UnicodeLittle"/>
    <property name="java.class.version" value="52.0"/>
  </properties>
  <testcase name="shouldAnswerWithTrue" classname="arduino.AppTest" time="0.002"/>
</testsuite>